<?xml version="1.0" encoding="UTF-8"?>
<testng-results ignored="0" total="1" passed="1" failed="0" skipped="0">
  <reporter-output>
  </reporter-output>
  <suite started-at="2023-09-21T18:05:00 IST" name="Default suite" finished-at="2023-09-21T18:05:02 IST" duration-ms="2091">
    <groups>
    </groups>
    <test started-at="2023-09-21T18:05:00 IST" name="Default test" finished-at="2023-09-21T18:05:02 IST" duration-ms="2091">
      <class name="tests.BAY">
        <test-method is-config="true" signature="setUP()[pri:0, instance:tests.BAY@30e868be]" started-at="2023-09-21T18:04:48 IST" name="setUP" finished-at="2023-09-21T18:05:00 IST" duration-ms="11793" status="PASS">
          <reporter-output>
          </reporter-output>
        </test-method> <!-- setUP -->
        <test-method signature="OpenApp()[pri:0, instance:tests.BAY@30e868be]" started-at="2023-09-21T18:05:00 IST" name="OpenApp" finished-at="2023-09-21T18:05:02 IST" duration-ms="1927" status="PASS">
          <reporter-output>
          </reporter-output>
        </test-method> <!-- OpenApp -->
        <test-method is-config="true" signature="teardown()[pri:0, instance:tests.BAY@30e868be]" started-at="2023-09-21T18:05:02 IST" name="teardown" finished-at="2023-09-21T18:05:03 IST" duration-ms="515" status="PASS">
          <reporter-output>
          </reporter-output>
        </test-method> <!-- teardown -->
      </class> <!-- tests.BAY -->
    </test> <!-- Default test -->
  </suite> <!-- Default suite -->
</testng-results>
